<?xml version="1.0" encoding="UTF-8"?>
<!-- Generated by org.testng.reporters.JUnitXMLReporter -->
<testsuite hostname="User-PC" ignored="1" name="Default test" tests="1" failures="0" timestamp="25 Mar 2017 10:39:10 GMT" time="99.115" errors="0">
  <testcase name="BookFlight_OneWay" time="95.763" classname="MakeMyTripAutomation.FlightBooking"/>
  <testcase name="BookFlight_TwoWay" time="0.0" classname="MakeMyTripAutomation.FlightBooking">
    <ignored/>
  </testcase> <!-- BookFlight_TwoWay -->
</testsuite> <!-- Default test -->
